2026-05-29 00:39:53,883 - vigia - INFO - 
================================================================================
🚀 ENDPOINT /alerts/ask CHAMADO!
📝 Pergunta: que tokens a binance tem em holding
================================================================================

2026-05-29 00:39:53,883 - vigia - INFO - Payload completo: prompt='que tokens a binance tem em holding'
2026-05-29 00:39:53,883 - vigia - INFO - ============================================================
2026-05-29 00:39:53,883 - vigia - INFO - 🔍 VERIFICANDO CONFIGURAÇÃO SUPABASE NO /alerts/ask
2026-05-29 00:39:53,883 - vigia - INFO - ============================================================
2026-05-29 00:39:53,884 - vigia - INFO - 📁 Tentando carregar .env manualmente...
2026-05-29 00:39:53,885 - vigia - INFO -    ✅ Carregado de: C:\Users\joser\vigia_crypto\backend\.env
2026-05-29 00:39:53,885 - vigia - INFO -    load_dotenv retornou: True
2026-05-29 00:39:53,885 - vigia - INFO -    Após carregar: URL=✅ (40 chars), KEY=✅ (208 chars)
2026-05-29 00:39:53,886 - vigia - INFO -    No ficheiro: KEY=✅ (208 chars)
2026-05-29 00:39:53,886 - vigia - INFO - 🔍 Chamando supa.ok()...
2026-05-29 00:39:53,886 - vigia - INFO -    supa.ok() retornou: False
2026-05-29 00:39:53,886 - vigia - INFO - 🔍 Debug Supabase no /alerts/ask:
2026-05-29 00:39:53,886 - vigia - INFO -    URL: ✅ (40 chars)
2026-05-29 00:39:53,886 - vigia - INFO -    KEY: ✅ (208 chars)
2026-05-29 00:39:53,886 - vigia - INFO -    supa.ok(): False
2026-05-29 00:39:53,886 - vigia - INFO -    has _get_url: True
2026-05-29 00:39:53,886 - vigia - INFO -    has _get_key: True
2026-05-29 00:39:53,887 - vigia - INFO -    URL preview: https://qynnajpvxnqcmkzrhpde.s...
2026-05-29 00:39:53,887 - vigia - INFO -    KEY preview: eyJhbGciOiJIUzI1NiIs...
2026-05-29 00:39:53,887 - vigia - ERROR - ❌ Supabase não configurado! URL: True (40 chars), KEY: True (208 chars), supa.ok()=False
